[2025-09-24 18:01:39] Installing dependencies...
[2025-09-24 18:01:39] Environment detected: replit
[2025-09-24 18:01:39] Installing Python dependencies...
[2025-09-24 18:01:39] WARNING: Some Python dependencies failed to install, continuing...
[2025-09-24 18:01:39] Replit environment - dependencies managed automatically
[2025-09-24 18:01:40] SUCCESS: Dependencies installation completed
[2025-09-24 18:01:40] Starting CLI Server Manager...
[2025-09-24 18:01:40] Setting up environment...
[2025-09-24 18:01:40] SUCCESS: Using Python command: python3
[2025-09-24 18:01:40] Creating virtual environment...
[2025-09-24 18:50:42] Installing dependencies...
[2025-09-24 18:50:42] Environment detected: replit
[2025-09-24 18:50:42] Installing Python dependencies...
[2025-09-24 18:50:42] WARNING: Some Python dependencies failed to install, continuing...
[2025-09-24 18:50:42] Replit environment - dependencies managed automatically
[2025-09-24 18:50:42] SUCCESS: Dependencies installation completed
[2025-09-24 18:50:42] Starting CLI Server Manager...
[2025-09-24 18:50:42] Setting up environment...
[2025-09-24 18:50:42] SUCCESS: Using Python command: python3
[2025-09-24 18:50:42] Creating virtual environment...
[2025-09-24 18:50:46] Installing Python dependencies...
[2025-09-24 18:50:46] WARNING: Some dependencies failed to install, continuing...
[2025-09-24 18:50:46] SUCCESS: Environment setup completed
[2025-09-24 18:50:46] Generating .env file...
[2025-09-24 18:50:46] SUCCESS: .env file generated
[2025-09-24 18:50:46] Setting up database...
[2025-09-24 18:50:48] Running Django migrations...
[2025-09-24 18:50:50] SUCCESS: Database setup completed
[2025-09-24 18:50:50] SUCCESS: Starting CLI Server Manager...
